{"name": "Передача всех обязательных полей", "status": "failed", "statusDetails": {"message": "AssertionError: Ожидаю 400 ошибку firstName, получаю 201\nassert 201 == 400\n +  where 201 = <Response [201]>.status_code", "trace": "self = <tests.test_create_courier.TestCreateCourier object at 0x103cb9c10>\ngenerate_random_string = <function generate_random_string.<locals>._generate_random_string at 0x103cc7d80>, missing_field = 'firstName'\n\n    @allure.title(\"Передача всех обязательных полей\")\n    @pytest.mark.xfailed\n    @pytest.mark.parametrize(\"missing_field\", [\"login\", \"password\", \"firstName\"])\n    def test_create_courier_missing_fields(self, generate_random_string, missing_field):\n        data = {\n            \"login\": generate_random_string(10),\n            \"password\": generate_random_string(10),\n            \"firstName\": generate_random_string(10),\n        }\n    \n        del data[missing_field]\n    \n        response = requests.post(COURIER_URL, json=data)\n    \n>       assert (\n            response.status_code == 400\n        ), f\"Ожидаю 400 ошибку {missing_field}, получаю {response.status_code}\"\nE       AssertionError: Ожидаю 400 ошибку firstName, получаю 201\nE       assert 201 == 400\nE        +  where 201 = <Response [201]>.status_code\n\ntests/test_create_courier.py:54: AssertionError"}, "parameters": [{"name": "missing_field", "value": "'firstName'"}], "start": 1727701498142, "stop": 1727701498337, "uuid": "3efc7014-1b62-401b-bcc1-d36b6f9bf803", "historyId": "1b2b41b0eaca9ced0406f537772fd1d6", "testCaseId": "1b9487ff8d38cb0618bf0ad9094dd373", "fullName": "tests.test_create_courier.TestCreateCourier#test_create_courier_missing_fields", "labels": [{"name": "tag", "value": "xfailed"}, {"name": "parentSuite", "value": "tests"}, {"name": "suite", "value": "test_create_courier"}, {"name": "subSuite", "value": "TestCreateCourier"}, {"name": "host", "value": "falcon.local"}, {"name": "thread", "value": "16778-MainThread"}, {"name": "framework", "value": "pytest"}, {"name": "language", "value": "cpython3"}, {"name": "package", "value": "tests.test_create_courier"}]}