{"name": "ошибка, если нет одного из полей", "status": "failed", "statusDetails": {"message": "AssertionError: Ожидаю 400\nassert 201 == 400\n +  where 201 = <Response [201]>.status_code", "trace": "self = <tests.test_create_courier.TestCreateCourier object at 0x103cba060>\ngenerate_random_string = <function generate_random_string.<locals>._generate_random_string at 0x103cc6200>\n\n    @allure.title(\"ошибка, если нет одного из полей\")\n    def test_create_courier_missing_field_error(self, generate_random_string):\n        login = generate_random_string(10)\n        password = generate_random_string(10)\n    \n        payload = {\"login\": login, \"password\": password}\n    \n        response = requests.post(COURIER_URL, json=payload)\n    \n>       assert response.status_code == 400, \"Ожидаю 400\"\nE       AssertionError: Ожидаю 400\nE       assert 201 == 400\nE        +  where 201 = <Response [201]>.status_code\n\ntests/test_create_courier.py:92: AssertionError"}, "start": 1727701498741, "stop": 1727701498907, "uuid": "2e80b9fe-7110-4435-95a8-c9fd51e30781", "historyId": "a91affd895a4461765bc92c4fa9f5756", "testCaseId": "a91affd895a4461765bc92c4fa9f5756", "fullName": "tests.test_create_courier.TestCreateCourier#test_create_courier_missing_field_error", "labels": [{"name": "parentSuite", "value": "tests"}, {"name": "suite", "value": "test_create_courier"}, {"name": "subSuite", "value": "TestCreateCourier"}, {"name": "host", "value": "falcon.local"}, {"name": "thread", "value": "16778-MainThread"}, {"name": "framework", "value": "pytest"}, {"name": "language", "value": "cpython3"}, {"name": "package", "value": "tests.test_create_courier"}]}